  Main.cpp
  binom.cpp
  coin.cpp
coin.cpp(7): warning C4244: 'argument' : conversion from 'time_t' to 'unsigned int', possible loss of data
coin.cpp(16): warning C4244: 'initializing' : conversion from 'float' to 'int', possible loss of data
  dice.cpp
dice.cpp(7): warning C4244: 'argument' : conversion from 'time_t' to 'unsigned int', possible loss of data
dice.cpp(18): warning C4244: 'initializing' : conversion from 'double' to 'int', possible loss of data
dice.cpp(33): warning C4244: 'initializing' : conversion from 'double' to 'int', possible loss of data
dice.cpp(58): warning C4018: '<' : signed/unsigned mismatch
dice.cpp(65): warning C4018: '<' : signed/unsigned mismatch
dice.cpp(93): warning C4018: '<' : signed/unsigned mismatch
dice.cpp(97): warning C4018: '<' : signed/unsigned mismatch
dice.cpp(118): warning C4018: '<' : signed/unsigned mismatch
dice.cpp(123): warning C4018: '<' : signed/unsigned mismatch
dice.cpp(140): warning C4018: '<' : signed/unsigned mismatch
dice.cpp(142): warning C4018: '<' : signed/unsigned mismatch
  Generating code
  Finished generating code
  Mattelabb.vcxproj -> \\hsnas3\StudentHome\2012\d12jenso\Documents\Övrigt\DiskretMatematik\Mattelabb\Release\Mattelabb.exe
